0 info it worked if it ends with ok
1 verbose cli [ 'C:\\Program Files (x86)\\nodejs\\node.exe',
1 verbose cli   'C:\\Program Files (x86)\\nodejs\\node_modules\\npm\\bin\\npm-cli.js',
1 verbose cli   'run',
1 verbose cli   'deploy' ]
2 info using npm@3.10.3
3 info using node@v6.6.0
4 verbose run-script [ 'predeploy', 'deploy', 'postdeploy' ]
5 info lifecycle content_scraper@1.0.31~predeploy: content_scraper@1.0.31
6 silly lifecycle content_scraper@1.0.31~predeploy: no script for predeploy, continuing
7 info lifecycle content_scraper@1.0.31~deploy: content_scraper@1.0.31
8 verbose lifecycle content_scraper@1.0.31~deploy: unsafe-perm in lifecycle true
9 verbose lifecycle content_scraper@1.0.31~deploy: PATH: C:\Program Files (x86)\nodejs\node_modules\npm\bin\node-gyp-bin;C:\Users\jtony\Documents\PROJECTS\Content_Scraper\node_modules\.bin;C:\Program Files (x86)\nodejs;C:\ProgramData\Oracle\Java\javapath;C:\Program Files (x86)\Intel\iCLS Client\;C:\Program Files\Intel\iCLS Client\;C:\WINDOWS\system32;C:\WINDOWS;C:\WINDOWS\System32\Wbem;C:\WINDOWS\System32\WindowsPowerShell\v1.0\;C:\Program Files (x86)\Intel\Intel(R) Management Engine Components\DAL;C:\Program Files\Intel\Intel(R) Management Engine Components\DAL;C:\Program Files (x86)\Intel\Intel(R) Management Engine Components\IPT;C:\Program Files\Intel\Intel(R) Management Engine Components\IPT;C:\Users\jtony\AppData\Local\Programs\Python\Python35-32;C:\Users\jtony\AppData\Local\Programs\Python\Python35-32\Scripts;C:\sqlite3;C:\Program Files\jEdit;C:\Program Files\Git\cmd;C:\Program Files (x86)\Heroku\bin;"C:\Program Files\Git\bin";"C:\Program Files (x86)\Git\mingw32\bin";C:\Users\jtony\AppData\Local\Programs\Python\Python36-32;C:\Program Files (x86)\nodejs\;C:\Users\jtony\AppData\Local\Programs\Python\Python36-32\Scripts;C:\Ruby23\bin;C:\Users\jtony\AppData\Local\Microsoft\WindowsApps;C:\Users\jtony\AppData\Roaming\npm;C:\Users\jtony\AppData\Local\Programs\Python\Python36-32;C:\Users\jtony\AppData\Local\Programs\Python\Python36-32\Scripts
10 verbose lifecycle content_scraper@1.0.31~deploy: CWD: C:\Users\jtony\Documents\PROJECTS\Content_Scraper
11 silly lifecycle content_scraper@1.0.31~deploy: Args: [ '/d /s /c', 'npm run build && npm publish' ]
12 silly lifecycle content_scraper@1.0.31~deploy: Returned: code: 1  signal: null
13 info lifecycle content_scraper@1.0.31~deploy: Failed to exec deploy script
14 verbose stack Error: content_scraper@1.0.31 deploy: `npm run build && npm publish`
14 verbose stack Exit status 1
14 verbose stack     at EventEmitter.<anonymous> (C:\Program Files (x86)\nodejs\node_modules\npm\lib\utils\lifecycle.js:242:16)
14 verbose stack     at emitTwo (events.js:106:13)
14 verbose stack     at EventEmitter.emit (events.js:191:7)
14 verbose stack     at ChildProcess.<anonymous> (C:\Program Files (x86)\nodejs\node_modules\npm\lib\utils\spawn.js:40:14)
14 verbose stack     at emitTwo (events.js:106:13)
14 verbose stack     at ChildProcess.emit (events.js:191:7)
14 verbose stack     at maybeClose (internal/child_process.js:877:16)
14 verbose stack     at Process.ChildProcess._handle.onexit (internal/child_process.js:226:5)
15 verbose pkgid content_scraper@1.0.31
16 verbose cwd C:\Users\jtony\Documents\PROJECTS\Content_Scraper
17 error Windows_NT 10.0.14393
18 error argv "C:\\Program Files (x86)\\nodejs\\node.exe" "C:\\Program Files (x86)\\nodejs\\node_modules\\npm\\bin\\npm-cli.js" "run" "deploy"
19 error node v6.6.0
20 error npm  v3.10.3
21 error code ELIFECYCLE
22 error content_scraper@1.0.31 deploy: `npm run build && npm publish`
22 error Exit status 1
23 error Failed at the content_scraper@1.0.31 deploy script 'npm run build && npm publish'.
23 error Make sure you have the latest version of node.js and npm installed.
23 error If you do, this is most likely a problem with the content_scraper package,
23 error not with npm itself.
23 error Tell the author that this fails on your system:
23 error     npm run build && npm publish
23 error You can get information on how to open an issue for this project with:
23 error     npm bugs content_scraper
23 error Or if that isn't available, you can get their info via:
23 error     npm owner ls content_scraper
23 error There is likely additional logging output above.
24 verbose exit [ 1, true ]
